<?xml version="1.0" encoding="UTF-8"?>
<testsuite xmlns:xsi="http://www.w3.org/2001/XMLSchema-instance" xsi:noNamespaceSchemaLocation="https://maven.apache.org/surefire/maven-surefire-plugin/xsd/surefire-test-report-3.0.xsd" version="3.0" name="BasicTest" time="0.1" tests="1" errors="0" skipped="0" failures="0">
  <properties>
    <property name="java.specification.version" value="21"/>
    <property name="sun.cpu.isalist" value="amd64"/>
    <property name="sun.jnu.encoding" value="GBK"/>
    <property name="java.class.path" value="C:\Users\hao\Desktop\Master\MS II\Open Source &amp; Professional SDE\Java Template Repository\target\test-classes;C:\Users\hao\Desktop\Master\MS II\Open Source &amp; Professional SDE\Java Template Repository\target\classes;C:\Users\hao\.m2\repository\junit\junit\4.13.2\junit-4.13.2.jar;C:\Users\hao\.m2\repository\org\hamcrest\hamcrest-core\1.3\hamcrest-core-1.3.jar;"/>
    <property name="java.vm.vendor" value="Oracle Corporation"/>
    <property name="sun.arch.data.model" value="64"/>
    <property name="user.variant" value=""/>
    <property name="java.vendor.url" value="https://java.oracle.com/"/>
    <property name="user.timezone" value="America/New_York"/>
    <property name="os.name" value="Windows 10"/>
    <property name="java.vm.specification.version" value="21"/>
    <property name="sun.java.launcher" value="SUN_STANDARD"/>
    <property name="user.country" value="CN"/>
    <property name="sun.boot.library.path" value="C:\Program Files\Java\jdk-21\bin"/>
    <property name="sun.java.command" value="C:\Users\hao\AppData\Local\Temp\surefire2300351374592497916\surefirebooter-20240131120047647_3.jar C:\Users\hao\AppData\Local\Temp\surefire2300351374592497916 2024-01-31T12-00-47_522-jvmRun1 surefire-20240131120047647_1tmp surefire_0-20240131120047647_2tmp"/>
    <property name="jdk.debug" value="release"/>
    <property name="surefire.test.class.path" value="C:\Users\hao\Desktop\Master\MS II\Open Source &amp; Professional SDE\Java Template Repository\target\test-classes;C:\Users\hao\Desktop\Master\MS II\Open Source &amp; Professional SDE\Java Template Repository\target\classes;C:\Users\hao\.m2\repository\junit\junit\4.13.2\junit-4.13.2.jar;C:\Users\hao\.m2\repository\org\hamcrest\hamcrest-core\1.3\hamcrest-core-1.3.jar;"/>
    <property name="sun.cpu.endian" value="little"/>
    <property name="user.home" value="C:\Users\hao"/>
    <property name="user.language" value="zh"/>
    <property name="java.specification.vendor" value="Oracle Corporation"/>
    <property name="java.version.date" value="2024-01-16"/>
    <property name="java.home" value="C:\Program Files\Java\jdk-21"/>
    <property name="file.separator" value="\"/>
    <property name="basedir" value="C:\Users\hao\Desktop\Master\MS II\Open Source &amp; Professional SDE\Java Template Repository"/>
    <property name="java.vm.compressedOopsMode" value="Zero based"/>
    <property name="line.separator" value="&#10;"/>
    <property name="java.vm.specification.vendor" value="Oracle Corporation"/>
    <property name="java.specification.name" value="Java Platform API Specification"/>
    <property name="surefire.real.class.path" value="C:\Users\hao\AppData\Local\Temp\surefire2300351374592497916\surefirebooter-20240131120047647_3.jar"/>
    <property name="user.script" value=""/>
    <property name="sun.management.compiler" value="HotSpot 64-Bit Tiered Compilers"/>
    <property name="java.runtime.version" value="21.0.2+13-LTS-58"/>
    <property name="user.name" value="hao"/>
    <property name="stdout.encoding" value="GBK"/>
    <property name="path.separator" value=";"/>
    <property name="os.version" value="10.0"/>
    <property name="java.runtime.name" value="Java(TM) SE Runtime Environment"/>
    <property name="file.encoding" value="UTF-8"/>
    <property name="java.vm.name" value="Java HotSpot(TM) 64-Bit Server VM"/>
    <property name="localRepository" value="C:\Users\hao\.m2\repository"/>
    <property name="java.vendor.url.bug" value="https://bugreport.java.com/bugreport/"/>
    <property name="java.io.tmpdir" value="C:\Users\hao\AppData\Local\Temp\"/>
    <property name="java.version" value="21.0.2"/>
    <property name="user.dir" value="C:\Users\hao\Desktop\Master\MS II\Open Source &amp; Professional SDE\Java Template Repository"/>
    <property name="os.arch" value="amd64"/>
    <property name="java.vm.specification.name" value="Java Virtual Machine Specification"/>
    <property name="sun.os.patch.level" value=""/>
    <property name="native.encoding" value="GBK"/>
    <property name="java.library.path" value="C:\Program Files\Java\jdk-21\bin;C:\WINDOWS\Sun\Java\bin;C:\WINDOWS\system32;C:\WINDOWS;D:\Anaconda;D:\Anaconda\Library\mingw-w64\bin;D:\Anaconda\Library\usr\bin;D:\Anaconda\Library\bin;D:\Anaconda\Scripts;D:\Anaconda\bin;D:\Anaconda\condabin;C:\Program Files\Common Files\Oracle\Java\javapath;C:\Ruby32-x64\bin;F:\VMWARE\bin;C:\Program Files\Eclipse Adoptium\jdk-17.0.4.101-hotspot\bin;C:\Python310\Scripts;C:\Python310;C:\Windows\system32;C:\Windows;C:\Windows\System32\Wbem;C:\Windows\System32\WindowsPowerShell\v1.0;C:\Windows\System32\OpenSSH;C:\Program Files (x86)\NVIDIA Corporation\PhysX\Common;C:\Program Files\NVIDIA Corporation\NVIDIA NvDLISR;C:\Program Files\Intel\WiFi\bin;C:\Program Files\Common Files\Intel\WirelessCommon;C:\Program Files (x86)\PharosSystems\Core;C:\MinGW\bin;C:\WINDOWS\system32;C:\WINDOWS;C:\WINDOWS\System32\Wbem;C:\WINDOWS\System32\WindowsPowerShell\v1.0;C:\WINDOWS\System32\OpenSSH;C:\Program Files\LLVM\include;C:\Program Files\Graphviz\bin;C:\Program Files\Intel\Intel(R) Memory and Storage Tool;C:\Program Files\dotnet;E:\Xshell 7;C:\Program Files (x86)\NetSarang\Xftp 7;C:\ProgramData\chocolatey\bin;C:\Program Files\Git\cmd;D:\Anaconda;D:\Anaconda\Scripts;D:\Anaconda\Library\bin;C:\Users\hao\AppData\Roaming\Python\Python310\Scripts;C:\Users\hao\AppData\Roaming\nvm;C:\Program Files\nodejs;C:\Program Files\Docker\Docker\resources\bin;C:\apache-maven-3.9.6\bin;C:\Users\hao\AppData\Local\Programs\Python\Python39\Scripts;C:\Users\hao\AppData\Local\Programs\Python\Python39;C:\Users\hao\AppData\Local\Microsoft\WindowsApps;D:\PyCharm Community Edition 2020.2.2\bin;.;C:\Program Files\LLVM\bin;C:\Program Files\LLVM\include;C:\Program Files\JetBrains\PyCharm 2020.3.5\bin;.;D:\MikTeX\miktex\bin\x64;C:\MinGW\bin;C:\Users\hao\AppData\Local\Programs\Microsoft VS Code\bin;C:\Users\hao\AppData\Roaming\npm;E:\IntelliJ IDEA Community Edition 2022.2.3\bin;.;D:\Anaconda;D:\Anaconda\Scripts;D:\Anaconda\Library\bin;C:\Users\hao\.ebcli-virtual-env\executables;C:\Users\hao\AppData\Roaming\Python\Python310\Scripts;C:\Users\hao\AppData\Roaming\nvm;C:\Program Files\nodejs;C:\apache-maven-3.9.6\bin;.;."/>
    <property name="java.vm.info" value="mixed mode, sharing"/>
    <property name="stderr.encoding" value="GBK"/>
    <property name="java.vendor" value="Oracle Corporation"/>
    <property name="java.vm.version" value="21.0.2+13-LTS-58"/>
    <property name="sun.io.unicode.encoding" value="UnicodeLittle"/>
    <property name="java.class.version" value="65.0"/>
  </properties>
  <testcase name="testAddition" classname="BasicTest" time="0.006"/>
</testsuite>